<?xml version="1.0" encoding="utf-8"?><testsuites><testsuite name="pytest" errors="1" failures="0" skipped="0" tests="1" time="0.608" timestamp="2024-06-28T13:54:10.013909" hostname="Alien"><testcase classname="" name="tests.test_log_collector" time="0.000"><error message="collection failure">ImportError while importing test module 'C:\Users\Akhil\project-k\tests\test_log_collector.py'.
Hint: make sure your test modules/packages have valid Python names.
Traceback:
..\AppData\Local\Programs\Python\Python312\Lib\importlib\__init__.py:90: in import_module
    return _bootstrap._gcd_import(name[level:], package, level)
tests\test_log_collector.py:2: in &lt;module&gt;
    from log_collector import collect_file_logs, send_logs, update_status
E   ImportError: cannot import name 'update_status' from 'log_collector' (C:\Users\Akhil\project-k\log_collector.py)</error></testcase></testsuite></testsuites>